[2020-04-21 23:05:16,826]{/home/alta8/Documents/virtualenv/project_restapi/lib/python3.6/site-packages/flask/app.py:1892} ERROR - Exception on /weather/q [GET]
Traceback (most recent call last):
  File "/home/alta8/Documents/virtualenv/project_restapi/lib/python3.6/site-packages/flask/app.py", line 1950, in full_dispatch_request
    rv = self.dispatch_request()
  File "/home/alta8/Documents/virtualenv/project_restapi/lib/python3.6/site-packages/flask/app.py", line 1936, in dispatch_request
    return self.view_functions[rule.endpoint](**req.view_args)
  File "/home/alta8/Documents/virtualenv/project_restapi/lib/python3.6/site-packages/flask_restful/__init__.py", line 468, in wrapper
    resp = resource(*args, **kwargs)
  File "/home/alta8/Documents/virtualenv/project_restapi/lib/python3.6/site-packages/flask/views.py", line 89, in view
    return self.dispatch_request(*args, **kwargs)
  File "/home/alta8/Documents/virtualenv/project_restapi/lib/python3.6/site-packages/flask_restful/__init__.py", line 583, in dispatch_request
    resp = meth(*args, **kwargs)
  File "/home/alta8/Documents/RESTAPI/andre_derby_restful_api/blueprints/__init__.py", line 20, in wrapper
    verify_jwt_in_request()
  File "/home/alta8/Documents/virtualenv/project_restapi/lib/python3.6/site-packages/flask_jwt_extended/view_decorators.py", line 32, in verify_jwt_in_request
    jwt_data, jwt_header = _decode_jwt_from_request(request_type='access')
  File "/home/alta8/Documents/virtualenv/project_restapi/lib/python3.6/site-packages/flask_jwt_extended/view_decorators.py", line 314, in _decode_jwt_from_request
    raise NoAuthorizationError(errors[0])
flask_jwt_extended.exceptions.NoAuthorizationError: Missing Authorization Header
[2020-04-21 23:05:16,831]{/home/alta8/Documents/RESTAPI/andre_derby_restful_api/blueprints/__init__.py:65} ERROR - REQUEST_LOG	{"method": "GET", "code": "500 INTERNAL SERVER ERROR", "uri": "/weather/q?city=london&name=derby&email=derbyprayogo@gmail.com&target_currency=IDR", "request": null, "response": {"message": "Internal Server Error"}}
